  aaa.cpp
D:\学习c++\指针详解\指针详解\aaa.cpp(1,1): warning C4828: 文件包含在偏移 0x25ce 处开始的字符，该字符在当前源字符集中无效(代码页 936)。
D:\学习c++\指针详解\指针详解\aaa.cpp(71,5): error C2084: 函数“int main(void)”已有主体
D:\学习c++\指针详解\指针详解\aaa.cpp(30): message : 参见“main”的前一个定义
  源.cpp
D:\学习c++\指针详解\指针详解\源.cpp(222,9): warning C4477: “printf”: 格式字符串“%d”需要类型“int”的参数，但可变参数 1 拥有了类型“size_t”
D:\学习c++\指针详解\指针详解\源.cpp(222,9): message : 请考虑在格式字符串中使用“%zd”
D:\学习c++\指针详解\指针详解\源.cpp(223,9): warning C4477: “printf”: 格式字符串“%d”需要类型“int”的参数，但可变参数 1 拥有了类型“size_t”
D:\学习c++\指针详解\指针详解\源.cpp(223,9): message : 请考虑在格式字符串中使用“%zd”
D:\学习c++\指针详解\指针详解\源.cpp(224,9): warning C4477: “printf”: 格式字符串“%d”需要类型“int”的参数，但可变参数 1 拥有了类型“size_t”
D:\学习c++\指针详解\指针详解\源.cpp(224,9): message : 请考虑在格式字符串中使用“%zd”
D:\学习c++\指针详解\指针详解\源.cpp(225,9): warning C4477: “printf”: 格式字符串“%d”需要类型“int”的参数，但可变参数 1 拥有了类型“size_t”
D:\学习c++\指针详解\指针详解\源.cpp(225,9): message : 请考虑在格式字符串中使用“%zd”
D:\学习c++\指针详解\指针详解\源.cpp(226,9): warning C4477: “printf”: 格式字符串“%d”需要类型“int”的参数，但可变参数 1 拥有了类型“size_t”
D:\学习c++\指针详解\指针详解\源.cpp(226,9): message : 请考虑在格式字符串中使用“%zd”
D:\学习c++\指针详解\指针详解\源.cpp(227,9): warning C4477: “printf”: 格式字符串“%d”需要类型“int”的参数，但可变参数 1 拥有了类型“size_t”
D:\学习c++\指针详解\指针详解\源.cpp(227,9): message : 请考虑在格式字符串中使用“%zd”
D:\学习c++\指针详解\指针详解\源.cpp(228,9): warning C4477: “printf”: 格式字符串“%d”需要类型“int”的参数，但可变参数 1 拥有了类型“size_t”
D:\学习c++\指针详解\指针详解\源.cpp(228,9): message : 请考虑在格式字符串中使用“%zd”
D:\学习c++\指针详解\指针详解\源.cpp(229,9): warning C4477: “printf”: 格式字符串“%d”需要类型“int”的参数，但可变参数 1 拥有了类型“size_t”
D:\学习c++\指针详解\指针详解\源.cpp(229,9): message : 请考虑在格式字符串中使用“%zd”
D:\学习c++\指针详解\指针详解\源.cpp(230,9): warning C4477: “printf”: 格式字符串“%d”需要类型“int”的参数，但可变参数 1 拥有了类型“size_t”
D:\学习c++\指针详解\指针详解\源.cpp(230,9): message : 请考虑在格式字符串中使用“%zd”
D:\学习c++\指针详解\指针详解\源.cpp(231,9): warning C4477: “printf”: 格式字符串“%d”需要类型“int”的参数，但可变参数 1 拥有了类型“size_t”
D:\学习c++\指针详解\指针详解\源.cpp(231,9): message : 请考虑在格式字符串中使用“%zd”
D:\学习c++\指针详解\指针详解\源.cpp(235,9): warning C4477: “printf”: 格式字符串“%d”需要类型“int”的参数，但可变参数 1 拥有了类型“size_t”
D:\学习c++\指针详解\指针详解\源.cpp(235,9): message : 请考虑在格式字符串中使用“%zd”
D:\学习c++\指针详解\指针详解\源.cpp(236,9): warning C4477: “printf”: 格式字符串“%d”需要类型“int”的参数，但可变参数 1 拥有了类型“size_t”
D:\学习c++\指针详解\指针详解\源.cpp(236,9): message : 请考虑在格式字符串中使用“%zd”
D:\学习c++\指针详解\指针详解\源.cpp(241,9): warning C4477: “printf”: 格式字符串“%d”需要类型“int”的参数，但可变参数 1 拥有了类型“size_t”
D:\学习c++\指针详解\指针详解\源.cpp(241,9): message : 请考虑在格式字符串中使用“%zd”
D:\学习c++\指针详解\指针详解\源.cpp(242,9): warning C4477: “printf”: 格式字符串“%d”需要类型“int”的参数，但可变参数 1 拥有了类型“size_t”
D:\学习c++\指针详解\指针详解\源.cpp(242,9): message : 请考虑在格式字符串中使用“%zd”
D:\学习c++\指针详解\指针详解\源.cpp(243,9): warning C4477: “printf”: 格式字符串“%d”需要类型“int”的参数，但可变参数 1 拥有了类型“size_t”
D:\学习c++\指针详解\指针详解\源.cpp(243,9): message : 请考虑在格式字符串中使用“%zd”
D:\学习c++\指针详解\指针详解\源.cpp(244,9): warning C4477: “printf”: 格式字符串“%d”需要类型“int”的参数，但可变参数 1 拥有了类型“size_t”
D:\学习c++\指针详解\指针详解\源.cpp(244,9): message : 请考虑在格式字符串中使用“%zd”
D:\学习c++\指针详解\指针详解\源.cpp(245,9): warning C4477: “printf”: 格式字符串“%d”需要类型“int”的参数，但可变参数 1 拥有了类型“size_t”
D:\学习c++\指针详解\指针详解\源.cpp(245,9): message : 请考虑在格式字符串中使用“%zd”
D:\学习c++\指针详解\指针详解\源.cpp(246,9): warning C4477: “printf”: 格式字符串“%d”需要类型“int”的参数，但可变参数 1 拥有了类型“size_t”
D:\学习c++\指针详解\指针详解\源.cpp(246,9): message : 请考虑在格式字符串中使用“%zd”
D:\学习c++\指针详解\指针详解\源.cpp(247,9): warning C4477: “printf”: 格式字符串“%d”需要类型“int”的参数，但可变参数 1 拥有了类型“size_t”
D:\学习c++\指针详解\指针详解\源.cpp(247,9): message : 请考虑在格式字符串中使用“%zd”
D:\学习c++\指针详解\指针详解\源.cpp(248,9): warning C4477: “printf”: 格式字符串“%d”需要类型“int”的参数，但可变参数 1 拥有了类型“size_t”
D:\学习c++\指针详解\指针详解\源.cpp(248,9): message : 请考虑在格式字符串中使用“%zd”
  正在生成代码...
