  源.cpp
D:\学习c++\结构体，枚举，联合\结构体，枚举，联合\源.cpp(104,23): warning C4838: 从“double”转换到“char”需要收缩转换
D:\学习c++\结构体，枚举，联合\结构体，枚举，联合\源.cpp(104,23): warning C4244: “初始化”: 从“double”转换到“char”，可能丢失数据
D:\学习c++\结构体，枚举，联合\结构体，枚举，联合\源.cpp(106,9): warning C4477: “printf”: 格式字符串“%lf”需要类型“double”的参数，但可变参数 1 拥有了类型“char *”
D:\学习c++\结构体，枚举，联合\结构体，枚举，联合\源.cpp(109,9): warning C4477: “printf”: 格式字符串“%d”需要类型“int”的参数，但可变参数 1 拥有了类型“size_t”
D:\学习c++\结构体，枚举，联合\结构体，枚举，联合\源.cpp(109,9): message : 请考虑在格式字符串中使用“%zd”
D:\学习c++\结构体，枚举，联合\结构体，枚举，联合\源.cpp(111,9): warning C4477: “printf”: 格式字符串“%d”需要类型“int”的参数，但可变参数 1 拥有了类型“size_t”
D:\学习c++\结构体，枚举，联合\结构体，枚举，联合\源.cpp(111,9): message : 请考虑在格式字符串中使用“%zd”
D:\学习c++\结构体，枚举，联合\结构体，枚举，联合\源.cpp(113,9): warning C4477: “printf”: 格式字符串“%d”需要类型“int”的参数，但可变参数 1 拥有了类型“size_t”
D:\学习c++\结构体，枚举，联合\结构体，枚举，联合\源.cpp(113,9): message : 请考虑在格式字符串中使用“%zd”
D:\学习c++\结构体，枚举，联合\结构体，枚举，联合\源.cpp(115,9): warning C4477: “printf”: 格式字符串“%d”需要类型“int”的参数，但可变参数 1 拥有了类型“size_t”
D:\学习c++\结构体，枚举，联合\结构体，枚举，联合\源.cpp(115,9): message : 请考虑在格式字符串中使用“%zd”
D:\学习c++\结构体，枚举，联合\结构体，枚举，联合\源.cpp(117,9): warning C4477: “printf”: 格式字符串“%d”需要类型“int”的参数，但可变参数 1 拥有了类型“size_t”
D:\学习c++\结构体，枚举，联合\结构体，枚举，联合\源.cpp(117,9): message : 请考虑在格式字符串中使用“%zd”
D:\学习c++\结构体，枚举，联合\结构体，枚举，联合\源.cpp(119,9): warning C4477: “printf”: 格式字符串“%d”需要类型“int”的参数，但可变参数 1 拥有了类型“size_t”
D:\学习c++\结构体，枚举，联合\结构体，枚举，联合\源.cpp(119,9): message : 请考虑在格式字符串中使用“%zd”
D:\学习c++\结构体，枚举，联合\结构体，枚举，联合\源.cpp(120,9): warning C4477: “printf”: 格式字符串“%d”需要类型“int”的参数，但可变参数 1 拥有了类型“size_t”
D:\学习c++\结构体，枚举，联合\结构体，枚举，联合\源.cpp(120,9): message : 请考虑在格式字符串中使用“%zd”
D:\学习c++\结构体，枚举，联合\结构体，枚举，联合\源.cpp(121,9): warning C4477: “printf”: 格式字符串“%d”需要类型“int”的参数，但可变参数 1 拥有了类型“size_t”
D:\学习c++\结构体，枚举，联合\结构体，枚举，联合\源.cpp(121,9): message : 请考虑在格式字符串中使用“%zd”
D:\学习c++\结构体，枚举，联合\结构体，枚举，联合\源.cpp(101,7): warning C4101: “n2”: 未引用的局部变量
D:\学习c++\结构体，枚举，联合\结构体，枚举，联合\源.cpp(100,14): warning C4101: “n1”: 未引用的局部变量
  结构体，枚举，联合.vcxproj -> D:\学习c++\结构体，枚举，联合\x64\Debug\结构体，枚举，联合.exe
